#
# A fatal error has been detected by the Java Runtime Environment:
#
#  SIGSEGV (0xb) at pc=0x00007fd41046b4f5, pid=80893, tid=80917
#
# JRE version: OpenJDK Runtime Environment (11.0.11) (build 11.0.11+0-b60-7590822)
# Java VM: OpenJDK 64-Bit Server VM (11.0.11+0-b60-7590822, mixed mode, tiered, compressed oops, g1 gc, linux-amd64)
# Problematic frame:
# V  [libjvm.so+0x7544f5]  LinearScan::number_instructions()+0x345
#
# Core dump will be written. Default location: Core dumps may be processed with "/usr/lib/systemd/systemd-coredump %P %u %g %s %t %c %h" (or dumping to /home/pretodev/Cubos/estados/android/core.80893)
#
# If you would like to submit a bug report, please visit:
#   https://bugreport.java.com/bugreport/crash.jsp
#

---------------  S U M M A R Y ------------

Command Line: -Dcom.android.sdklib.toolsdir=/home/pretodev/.tools/android-sdk/cmdline-tools/latest com.android.sdklib.tool.sdkmanager.SdkManagerCli --licenses

Host: Intel(R) Core(TM) i5-9300H CPU @ 2.40GHz, 8 cores, 7G, Arch Linux
Time: Sat Mar 12 09:08:45 2022 -03 elapsed time: 0.287204 seconds (0d 0h 0m 0s)

---------------  T H R E A D  ---------------

Current thread (0x00007fd408177800):  JavaThread "C1 CompilerThread0" daemon [_thread_in_native, id=80917, stack(0x00007fd3cfc16000,0x00007fd3cfd16000)]


Current CompileTask:
C1:    287  568       3       java.lang.invoke.MethodType$ConcurrentWeakInternSet::add (66 bytes)

Stack: [0x00007fd3cfc16000,0x00007fd3cfd16000],  sp=0x00007fd3cfd14280,  free space=1016k
Native frames: (J=compiled Java code, A=aot compiled Java code, j=interpreted, Vv=VM code, C=native code)
V  [libjvm.so+0x7544f5]  LinearScan::number_instructions()+0x345
V  [libjvm.so+0x75bb23]  LinearScan::do_linear_scan()+0x13
V  [libjvm.so+0x6ee4a1]  Compilation::emit_lir()+0x231
V  [libjvm.so+0x6eee68]  Compilation::compile_java_method()+0x2b8
V  [libjvm.so+0x6ef163]  Compilation::compile_method()+0x123
V  [libjvm.so+0x6ef577]  Compilation::Compilation(AbstractCompiler*, ciEnv*, ciMethod*, int, BufferBlob*, DirectiveSet*)+0x217
V  [libjvm.so+0x6f08ca]  Compiler::compile_method(ciEnv*, ciMethod*, int, DirectiveSet*)+0x7a
V  [libjvm.so+0x83362f]  CompileBroker::invoke_compiler_on_method(CompileTask*)+0x54f
V  [libjvm.so+0x832fbe]  CompileBroker::compiler_thread_loop()+0x3de
V  [libjvm.so+0xe692e8]  JavaThread::thread_main_inner()+0xc8
V  [libjvm.so+0xe66dc8]  Thread::call_run()+0x68
V  [libjvm.so+0xd166fe]  thread_native_entry(Thread*)+0x1be


siginfo: si_signo: 11 (SIGSEGV), si_code: 1 (SEGV_MAPERR), si_addr: 0x00007ed3b812b220

Register to memory mapping:

RAX=0x00007ed3b812b200 is an unknown value
RBX=0x00000000000002f0 is an unknown value
RCX=0x0000000000000002 is an unknown value
RDX=0x00000000000000c0 is an unknown value
RSP=0x00007fd3cfd14280 is pointing into the stack for thread: 0x00007fd408177800
RBP=0x00007fd3cfd142d0 is pointing into the stack for thread: 0x00007fd408177800
RSI=0x00007fd4085aba40 points into unknown readable memory: 0x00007fd3b812b100 | 00 b1 12 b8 d3 7f 00 00
RDI=0x00007fd3b812b090 points into unknown readable memory: 0x0000000800000003 | 03 00 00 00 08 00 00 00
R8 =0x0000000000000060 is an unknown value
R9 =0x0000000000000003 is an unknown value
R10=0x0000000000000005 is an unknown value
R11=0x0000000000000002 is an unknown value
R12=0x00007fd3b80f75d0 points into unknown readable memory: 0x00007fd410ce4d38 | 38 4d ce 10 d4 7f 00 00
R13=0x00007fd4085ab620 points into unknown readable memory: 0x00007fd3cfd146a8 | a8 46 d1 cf d3 7f 00 00
R14=0x000000000000001c is an unknown value
R15=0x0000000000000129 is an unknown value


Registers:
RAX=0x00007ed3b812b200, RBX=0x00000000000002f0, RCX=0x0000000000000002, RDX=0x00000000000000c0
RSP=0x00007fd3cfd14280, RBP=0x00007fd3cfd142d0, RSI=0x00007fd4085aba40, RDI=0x00007fd3b812b090
R8 =0x0000000000000060, R9 =0x0000000000000003, R10=0x0000000000000005, R11=0x0000000000000002
R12=0x00007fd3b80f75d0, R13=0x00007fd4085ab620, R14=0x000000000000001c, R15=0x0000000000000129
RIP=0x00007fd41046b4f5, EFLAGS=0x0000000000010202, CSGSFS=0x002b000000000033, ERR=0x0000000000000006
  TRAPNO=0x000000000000000e

Top of Stack: (sp=0x00007fd3cfd14280)
0x00007fd3cfd14280:   0000000000000000 0000012900000129
0x00007fd3cfd14290:   0000000000000000 00007fd300000007
0x00007fd3cfd142a0:   00007fd4085ac0a0 00007fd4085ab620
0x00007fd3cfd142b0:   00007fd4085ab620 00007fd410d6a53e 

Instructions: (pc=0x00007fd41046b4f5)
0x00007fd41046b3f5:   8d 7d b8 e8 23 e8 24 00 45 85 f6 0f 8e 14 01 00
0x00007fd41046b405:   00 45 31 d2 45 31 c0 31 d2 eb 18 8d 42 fe 41 89
0x00007fd41046b415:   84 24 cc 01 00 00 49 83 c2 01 4d 39 f2 0f 84 f2
0x00007fd41046b425:   00 00 00 49 8b 45 38 4e 8b 24 d0 41 89 94 24 c8
0x00007fd41046b435:   01 00 00 49 8b bc 24 68 01 00 00 44 8b 0f 45 85
0x00007fd41046b445:   c9 7e c8 4d 63 c0 41 83 f9 01 75 0f 31 c9 41 f6
0x00007fd41046b455:   c1 01 74 b7 e9 8f 00 00 00 66 90 45 89 cb 41 83
0x00007fd41046b465:   e3 fe 4a 8d 1c c5 00 00 00 00 31 c9 66 2e 0f 1f
0x00007fd41046b475:   84 00 00 00 00 00 0f 1f 44 00 00 48 8b 47 18 48
0x00007fd41046b485:   8b 04 c8 89 50 20 49 8b b5 a8 00 00 00 48 01 de
0x00007fd41046b495:   48 89 04 ce 49 8b 85 c8 00 00 00 48 01 d8 4c 89
0x00007fd41046b4a5:   24 c8 48 8b 47 18 48 8b 44 c8 08 8d 72 02 89 70
0x00007fd41046b4b5:   20 49 8b b5 a8 00 00 00 48 01 de 48 89 44 ce 08
0x00007fd41046b4c5:   49 8b 85 c8 00 00 00 48 01 d8 4c 89 64 c8 08 83
0x00007fd41046b4d5:   c2 04 48 83 c1 02 49 39 cb 75 a0 49 01 c8 41 f6
0x00007fd41046b4e5:   c1 01 0f 84 23 ff ff ff 48 8b 47 18 48 8b 04 c8
0x00007fd41046b4f5:   89 50 20 49 8b 8d a8 00 00 00 4a 89 04 c1 49 8b
0x00007fd41046b505:   85 c8 00 00 00 4e 89 24 c0 83 c2 02 49 83 c0 01
0x00007fd41046b515:   e9 f6 fe ff ff 49 8d bd e0 00 00 00 4d 63 f7 4c
0x00007fd41046b525:   89 f6 e8 44 c9 f7 ff 49 81 c5 d0 00 00 00 4c 89
0x00007fd41046b535:   ef 4c 89 f6 e8 32 c9 f7 ff 48 83 c4 28 5b 41 5c
0x00007fd41046b545:   41 5d 41 5e 41 5f 5d c3 0f 1f 00 55 48 89 e5 41
0x00007fd41046b555:   57 41 56 53 50 4d 89 c7 49 89 ce 48 89 f7 48 8b
0x00007fd41046b565:   06 48 8b 5e 30 ff 50 20 48 85 c0 74 06 83 78 10
0x00007fd41046b575:   00 74 39 89 d8 83 e0 07 48 83 f8 05 74 05 83 f8
0x00007fd41046b585:   03 75 29 48 c1 eb 0e 48 63 c3 49 8b 0f 48 c1 e8
0x00007fd41046b595:   06 48 8b 34 c1 ba 01 00 00 00 89 d9 48 d3 e2 48
0x00007fd41046b5a5:   0f a3 de 72 07 49 8b 0e 48 09 14 c1 48 83 c4 08
0x00007fd41046b5b5:   5b 41 5e 41 5f 5d c3 0f 1f 40 00 55 48 89 e5 41
0x00007fd41046b5c5:   57 41 56 41 55 41 54 53 48 81 ec d8 02 00 00 44
0x00007fd41046b5d5:   8b 7f 20 48 63 5f 40 66 c7 85 20 ff ff ff 00 00
0x00007fd41046b5e5:   c7 85 f8 fe ff ff 00 00 00 00 0f 57 c0 0f 29 85 


Stack slot to memory mapping:
stack at sp + 0 slots: 0x0 is NULL
stack at sp + 1 slots: 0x0000012900000129 is an unknown value
stack at sp + 2 slots: 0x0 is NULL
stack at sp + 3 slots: 0x00007fd300000007 is an unknown value
stack at sp + 4 slots: 0x00007fd4085ac0a0 points into unknown readable memory: 0x00007fd4086528f0 | f0 28 65 08 d4 7f 00 00
stack at sp + 5 slots: 0x00007fd4085ab620 points into unknown readable memory: 0x00007fd3cfd146a8 | a8 46 d1 cf d3 7f 00 00
stack at sp + 6 slots: 0x00007fd4085ab620 points into unknown readable memory: 0x00007fd3cfd146a8 | a8 46 d1 cf d3 7f 00 00
stack at sp + 7 slots: 0x00007fd410d6a53e: <offset 0x000000000105353e> in /home/pretodev/.tools/android-studio/jre/lib/server/libjvm.so at 0x00007fd40fd17000


---------------  P R O C E S S  ---------------

Threads class SMR info:
_java_thread_list=0x00007fd40821d120, length=9, elements={
0x00007fd408014800, 0x00007fd408157000, 0x00007fd40815b800, 0x00007fd408171800,
0x00007fd408173800, 0x00007fd408175800, 0x00007fd408177800, 0x00007fd408179800,
0x00007fd40821b800
}

Java Threads: ( => current thread )
  0x00007fd408014800 JavaThread "main" [_thread_in_Java, id=80905, stack(0x00007fd40fb2f000,0x00007fd40fc2f000)]
  0x00007fd408157000 JavaThread "Reference Handler" daemon [_thread_blocked, id=80912, stack(0x00007fd3f433f000,0x00007fd3f443f000)]
  0x00007fd40815b800 JavaThread "Finalizer" daemon [_thread_blocked, id=80913, stack(0x00007fd3f423f000,0x00007fd3f433f000)]
  0x00007fd408171800 JavaThread "Signal Dispatcher" daemon [_thread_blocked, id=80914, stack(0x00007fd3f413f000,0x00007fd3f423f000)]
  0x00007fd408173800 JavaThread "Service Thread" daemon [_thread_blocked, id=80915, stack(0x00007fd3f403f000,0x00007fd3f413f000)]
  0x00007fd408175800 JavaThread "C2 CompilerThread0" daemon [_thread_blocked, id=80916, stack(0x00007fd3ec098000,0x00007fd3ec198000)]
=>0x00007fd408177800 JavaThread "C1 CompilerThread0" daemon [_thread_in_native, id=80917, stack(0x00007fd3cfc16000,0x00007fd3cfd16000)]
  0x00007fd408179800 JavaThread "Sweeper thread" daemon [_thread_blocked, id=80918, stack(0x00007fd3cfb16000,0x00007fd3cfc16000)]
  0x00007fd40821b800 JavaThread "Common-Cleaner" daemon [_thread_blocked, id=80920, stack(0x00007fd3cf914000,0x00007fd3cfa14000)]

Other Threads:
  0x00007fd40814e800 VMThread "VM Thread" [stack: 0x00007fd3f4441000,0x00007fd3f4541000] [id=80911]
  0x00007fd40820a800 WatcherThread [stack: 0x00007fd3cfa16000,0x00007fd3cfb16000] [id=80919]
  0x00007fd40802e000 GCTaskThread "GC Thread#0" [stack: 0x00007fd40f7cc000,0x00007fd40f8cc000] [id=80906]
  0x00007fd40805f000 ConcurrentGCThread "G1 Main Marker" [stack: 0x00007fd40c475000,0x00007fd40c575000] [id=80907]
  0x00007fd408061000 ConcurrentGCThread "G1 Conc#0" [stack: 0x00007fd40c373000,0x00007fd40c473000] [id=80908]
  0x00007fd4080e8000 ConcurrentGCThread "G1 Refine#0" [stack: 0x00007fd3f4f21000,0x00007fd3f5021000] [id=80909]
  0x00007fd4080ea000 ConcurrentGCThread "G1 Young RemSet Sampling" [stack: 0x00007fd3f4e1f000,0x00007fd3f4f1f000] [id=80910]

Threads with active compile tasks:
C1 CompilerThread0    291  568       3       java.lang.invoke.MethodType$ConcurrentWeakInternSet::add (66 bytes)

VM state:not at safepoint (normal execution)

VM Mutex/Monitor currently owned by a thread: None

Heap address: 0x0000000086600000, size: 1946 MB, Compressed Oops mode: 32-bit
Narrow klass base: 0x0000000000000000, Narrow klass shift: 3
Compressed class space size: 1073741824 Address: 0x0000000100000000

Heap:
 garbage-first heap   total 124928K, used 13312K [0x0000000086600000, 0x0000000100000000)
  region size 1024K, 14 young (14336K), 0 survivors (0K)
 Metaspace       used 10864K, capacity 11003K, committed 11136K, reserved 1058816K
  class space    used 1023K, capacity 1090K, committed 1152K, reserved 1048576K
Heap Regions: E=young(eden), S=young(survivor), O=old, HS=humongous(starts), HC=humongous(continues), CS=collection set, F=free, A=archive, TAMS=top-at-mark-start (previous, next)
|   0|0x0000000086600000, 0x0000000086700000, 0x0000000086700000|100%|HS|  |TAMS 0x0000000086600000, 0x0000000086600000| Complete 
|   1|0x0000000086700000, 0x0000000086700000, 0x0000000086800000|  0%| F|  |TAMS 0x0000000086700000, 0x0000000086700000| Untracked 
|   2|0x0000000086800000, 0x0000000086800000, 0x0000000086900000|  0%| F|  |TAMS 0x0000000086800000, 0x0000000086800000| Untracked 
|   3|0x0000000086900000, 0x0000000086900000, 0x0000000086a00000|  0%| F|  |TAMS 0x0000000086900000, 0x0000000086900000| Untracked 
|   4|0x0000000086a00000, 0x0000000086a00000, 0x0000000086b00000|  0%| F|  |TAMS 0x0000000086a00000, 0x0000000086a00000| Untracked 
|   5|0x0000000086b00000, 0x0000000086b00000, 0x0000000086c00000|  0%| F|  |TAMS 0x0000000086b00000, 0x0000000086b00000| Untracked 
|   6|0x0000000086c00000, 0x0000000086c00000, 0x0000000086d00000|  0%| F|  |TAMS 0x0000000086c00000, 0x0000000086c00000| Untracked 
|   7|0x0000000086d00000, 0x0000000086d00000, 0x0000000086e00000|  0%| F|  |TAMS 0x0000000086d00000, 0x0000000086d00000| Untracked 
|   8|0x0000000086e00000, 0x0000000086e00000, 0x0000000086f00000|  0%| F|  |TAMS 0x0000000086e00000, 0x0000000086e00000| Untracked 
|   9|0x0000000086f00000, 0x0000000086f00000, 0x0000000087000000|  0%| F|  |TAMS 0x0000000086f00000, 0x0000000086f00000| Untracked 
|  10|0x0000000087000000, 0x0000000087000000, 0x0000000087100000|  0%| F|  |TAMS 0x0000000087000000, 0x0000000087000000| Untracked 
|  11|0x0000000087100000, 0x0000000087100000, 0x0000000087200000|  0%| F|  |TAMS 0x0000000087100000, 0x0000000087100000| Untracked 
|  12|0x0000000087200000, 0x0000000087200000, 0x0000000087300000|  0%| F|  |TAMS 0x0000000087200000, 0x0000000087200000| Untracked 
|  13|0x0000000087300000, 0x0000000087300000, 0x0000000087400000|  0%| F|  |TAMS 0x0000000087300000, 0x0000000087300000| Untracked 
|  14|0x0000000087400000, 0x0000000087400000, 0x0000000087500000|  0%| F|  |TAMS 0x0000000087400000, 0x0000000087400000| Untracked 
|  15|0x0000000087500000, 0x0000000087500000, 0x0000000087600000|  0%| F|  |TAMS 0x0000000087500000, 0x0000000087500000| Untracked 
|  16|0x0000000087600000, 0x0000000087600000, 0x0000000087700000|  0%| F|  |TAMS 0x0000000087600000, 0x0000000087600000| Untracked 
|  17|0x0000000087700000, 0x0000000087700000, 0x0000000087800000|  0%| F|  |TAMS 0x0000000087700000, 0x0000000087700000| Untracked 
|  18|0x0000000087800000, 0x0000000087800000, 0x0000000087900000|  0%| F|  |TAMS 0x0000000087800000, 0x0000000087800000| Untracked 
|  19|0x0000000087900000, 0x0000000087900000, 0x0000000087a00000|  0%| F|  |TAMS 0x0000000087900000, 0x0000000087900000| Untracked 
|  20|0x0000000087a00000, 0x0000000087a00000, 0x0000000087b00000|  0%| F|  |TAMS 0x0000000087a00000, 0x0000000087a00000| Untracked 
|  21|0x0000000087b00000, 0x0000000087b00000, 0x0000000087c00000|  0%| F|  |TAMS 0x0000000087b00000, 0x0000000087b00000| Untracked 
|  22|0x0000000087c00000, 0x0000000087c00000, 0x0000000087d00000|  0%| F|  |TAMS 0x0000000087c00000, 0x0000000087c00000| Untracked 
|  23|0x0000000087d00000, 0x0000000087d00000, 0x0000000087e00000|  0%| F|  |TAMS 0x0000000087d00000, 0x0000000087d00000| Untracked 
|  24|0x0000000087e00000, 0x0000000087e00000, 0x0000000087f00000|  0%| F|  |TAMS 0x0000000087e00000, 0x0000000087e00000| Untracked 
|  25|0x0000000087f00000, 0x0000000087f00000, 0x0000000088000000|  0%| F|  |TAMS 0x0000000087f00000, 0x0000000087f00000| Untracked 
|  26|0x0000000088000000, 0x0000000088000000, 0x0000000088100000|  0%| F|  |TAMS 0x0000000088000000, 0x0000000088000000| Untracked 
|  27|0x0000000088100000, 0x0000000088100000, 0x0000000088200000|  0%| F|  |TAMS 0x0000000088100000, 0x0000000088100000| Untracked 
|  28|0x0000000088200000, 0x0000000088200000, 0x0000000088300000|  0%| F|  |TAMS 0x0000000088200000, 0x0000000088200000| Untracked 
|  29|0x0000000088300000, 0x0000000088300000, 0x0000000088400000|  0%| F|  |TAMS 0x0000000088300000, 0x0000000088300000| Untracked 
|  30|0x0000000088400000, 0x0000000088400000, 0x0000000088500000|  0%| F|  |TAMS 0x0000000088400000, 0x0000000088400000| Untracked 
|  31|0x0000000088500000, 0x0000000088500000, 0x0000000088600000|  0%| F|  |TAMS 0x0000000088500000, 0x0000000088500000| Untracked 
|  32|0x0000000088600000, 0x0000000088600000, 0x0000000088700000|  0%| F|  |TAMS 0x0000000088600000, 0x0000000088600000| Untracked 
|  33|0x0000000088700000, 0x0000000088700000, 0x0000000088800000|  0%| F|  |TAMS 0x0000000088700000, 0x0000000088700000| Untracked 
|  34|0x0000000088800000, 0x0000000088800000, 0x0000000088900000|  0%| F|  |TAMS 0x0000000088800000, 0x0000000088800000| Untracked 
|  35|0x0000000088900000, 0x0000000088900000, 0x0000000088a00000|  0%| F|  |TAMS 0x0000000088900000, 0x0000000088900000| Untracked 
|  36|0x0000000088a00000, 0x0000000088a00000, 0x0000000088b00000|  0%| F|  |TAMS 0x0000000088a00000, 0x0000000088a00000| Untracked 
|  37|0x0000000088b00000, 0x0000000088b00000, 0x0000000088c00000|  0%| F|  |TAMS 0x0000000088b00000, 0x0000000088b00000| Untracked 
|  38|0x0000000088c00000, 0x0000000088c00000, 0x0000000088d00000|  0%| F|  |TAMS 0x0000000088c00000, 0x0000000088c00000| Untracked 
|  39|0x0000000088d00000, 0x0000000088d00000, 0x0000000088e00000|  0%| F|  |TAMS 0x0000000088d00000, 0x0000000088d00000| Untracked 
|  40|0x0000000088e00000, 0x0000000088e00000, 0x0000000088f00000|  0%| F|  |TAMS 0x0000000088e00000, 0x0000000088e00000| Untracked 
|  41|0x0000000088f00000, 0x0000000088f00000, 0x0000000089000000|  0%| F|  |TAMS 0x0000000088f00000, 0x0000000088f00000| Untracked 
|  42|0x0000000089000000, 0x0000000089000000, 0x0000000089100000|  0%| F|  |TAMS 0x0000000089000000, 0x0000000089000000| Untracked 
|  43|0x0000000089100000, 0x0000000089100000, 0x0000000089200000|  0%| F|  |TAMS 0x0000000089100000, 0x0000000089100000| Untracked 
|  44|0x0000000089200000, 0x0000000089200000, 0x0000000089300000|  0%| F|  |TAMS 0x0000000089200000, 0x0000000089200000| Untracked 
|  45|0x0000000089300000, 0x0000000089300000, 0x0000000089400000|  0%| F|  |TAMS 0x0000000089300000, 0x0000000089300000| Untracked 
|  46|0x0000000089400000, 0x0000000089400000, 0x0000000089500000|  0%| F|  |TAMS 0x0000000089400000, 0x0000000089400000| Untracked 
|  47|0x0000000089500000, 0x0000000089500000, 0x0000000089600000|  0%| F|  |TAMS 0x0000000089500000, 0x0000000089500000| Untracked 
|  48|0x0000000089600000, 0x0000000089600000, 0x0000000089700000|  0%| F|  |TAMS 0x0000000089600000, 0x0000000089600000| Untracked 
|  49|0x0000000089700000, 0x0000000089700000, 0x0000000089800000|  0%| F|  |TAMS 0x0000000089700000, 0x0000000089700000| Untracked 
|  50|0x0000000089800000, 0x0000000089800000, 0x0000000089900000|  0%| F|  |TAMS 0x0000000089800000, 0x0000000089800000| Untracked 
|  51|0x0000000089900000, 0x0000000089900000, 0x0000000089a00000|  0%| F|  |TAMS 0x0000000089900000, 0x0000000089900000| Untracked 
|  52|0x0000000089a00000, 0x0000000089a00000, 0x0000000089b00000|  0%| F|  |TAMS 0x0000000089a00000, 0x0000000089a00000| Untracked 
|  53|0x0000000089b00000, 0x0000000089b00000, 0x0000000089c00000|  0%| F|  |TAMS 0x0000000089b00000, 0x0000000089b00000| Untracked 
|  54|0x0000000089c00000, 0x0000000089c00000, 0x0000000089d00000|  0%| F|  |TAMS 0x0000000089c00000, 0x0000000089c00000| Untracked 
|  55|0x0000000089d00000, 0x0000000089d00000, 0x0000000089e00000|  0%| F|  |TAMS 0x0000000089d00000, 0x0000000089d00000| Untracked 
|  56|0x0000000089e00000, 0x0000000089e00000, 0x0000000089f00000|  0%| F|  |TAMS 0x0000000089e00000, 0x0000000089e00000| Untracked 
|  57|0x0000000089f00000, 0x0000000089f00000, 0x000000008a000000|  0%| F|  |TAMS 0x0000000089f00000, 0x0000000089f00000| Untracked 
|  58|0x000000008a000000, 0x000000008a000000, 0x000000008a100000|  0%| F|  |TAMS 0x000000008a000000, 0x000000008a000000| Untracked 
|  59|0x000000008a100000, 0x000000008a100000, 0x000000008a200000|  0%| F|  |TAMS 0x000000008a100000, 0x000000008a100000| Untracked 
|  60|0x000000008a200000, 0x000000008a200000, 0x000000008a300000|  0%| F|  |TAMS 0x000000008a200000, 0x000000008a200000| Untracked 
|  61|0x000000008a300000, 0x000000008a300000, 0x000000008a400000|  0%| F|  |TAMS 0x000000008a300000, 0x000000008a300000| Untracked 
|  62|0x000000008a400000, 0x000000008a400000, 0x000000008a500000|  0%| F|  |TAMS 0x000000008a400000, 0x000000008a400000| Untracked 
|  63|0x000000008a500000, 0x000000008a500000, 0x000000008a600000|  0%| F|  |TAMS 0x000000008a500000, 0x000000008a500000| Untracked 
|  64|0x000000008a600000, 0x000000008a600000, 0x000000008a700000|  0%| F|  |TAMS 0x000000008a600000, 0x000000008a600000| Untracked 
|  65|0x000000008a700000, 0x000000008a700000, 0x000000008a800000|  0%| F|  |TAMS 0x000000008a700000, 0x000000008a700000| Untracked 
|  66|0x000000008a800000, 0x000000008a800000, 0x000000008a900000|  0%| F|  |TAMS 0x000000008a800000, 0x000000008a800000| Untracked 
|  67|0x000000008a900000, 0x000000008a900000, 0x000000008aa00000|  0%| F|  |TAMS 0x000000008a900000, 0x000000008a900000| Untracked 
|  68|0x000000008aa00000, 0x000000008aa00000, 0x000000008ab00000|  0%| F|  |TAMS 0x000000008aa00000, 0x000000008aa00000| Untracked 
|  69|0x000000008ab00000, 0x000000008ab00000, 0x000000008ac00000|  0%| F|  |TAMS 0x000000008ab00000, 0x000000008ab00000| Untracked 
|  70|0x000000008ac00000, 0x000000008ac00000, 0x000000008ad00000|  0%| F|  |TAMS 0x000000008ac00000, 0x000000008ac00000| Untracked 
|  71|0x000000008ad00000, 0x000000008ad00000, 0x000000008ae00000|  0%| F|  |TAMS 0x000000008ad00000, 0x000000008ad00000| Untracked 
|  72|0x000000008ae00000, 0x000000008ae00000, 0x000000008af00000|  0%| F|  |TAMS 0x000000008ae00000, 0x000000008ae00000| Untracked 
|  73|0x000000008af00000, 0x000000008af00000, 0x000000008b000000|  0%| F|  |TAMS 0x000000008af00000, 0x000000008af00000| Untracked 
|  74|0x000000008b000000, 0x000000008b000000, 0x000000008b100000|  0%| F|  |TAMS 0x000000008b000000, 0x000000008b000000| Untracked 
|  75|0x000000008b100000, 0x000000008b100000, 0x000000008b200000|  0%| F|  |TAMS 0x000000008b100000, 0x000000008b100000| Untracked 
|  76|0x000000008b200000, 0x000000008b200000, 0x000000008b300000|  0%| F|  |TAMS 0x000000008b200000, 0x000000008b200000| Untracked 
|  77|0x000000008b300000, 0x000000008b300000, 0x000000008b400000|  0%| F|  |TAMS 0x000000008b300000, 0x000000008b300000| Untracked 
|  78|0x000000008b400000, 0x000000008b400000, 0x000000008b500000|  0%| F|  |TAMS 0x000000008b400000, 0x000000008b400000| Untracked 
|  79|0x000000008b500000, 0x000000008b500000, 0x000000008b600000|  0%| F|  |TAMS 0x000000008b500000, 0x000000008b500000| Untracked 
|  80|0x000000008b600000, 0x000000008b600000, 0x000000008b700000|  0%| F|  |TAMS 0x000000008b600000, 0x000000008b600000| Untracked 
|  81|0x000000008b700000, 0x000000008b700000, 0x000000008b800000|  0%| F|  |TAMS 0x000000008b700000, 0x000000008b700000| Untracked 
|  82|0x000000008b800000, 0x000000008b800000, 0x000000008b900000|  0%| F|  |TAMS 0x000000008b800000, 0x000000008b800000| Untracked 
|  83|0x000000008b900000, 0x000000008b900000, 0x000000008ba00000|  0%| F|  |TAMS 0x000000008b900000, 0x000000008b900000| Untracked 
|  84|0x000000008ba00000, 0x000000008ba00000, 0x000000008bb00000|  0%| F|  |TAMS 0x000000008ba00000, 0x000000008ba00000| Untracked 
|  85|0x000000008bb00000, 0x000000008bb00000, 0x000000008bc00000|  0%| F|  |TAMS 0x000000008bb00000, 0x000000008bb00000| Untracked 
|  86|0x000000008bc00000, 0x000000008bc00000, 0x000000008bd00000|  0%| F|  |TAMS 0x000000008bc00000, 0x000000008bc00000| Untracked 
|  87|0x000000008bd00000, 0x000000008bd00000, 0x000000008be00000|  0%| F|  |TAMS 0x000000008bd00000, 0x000000008bd00000| Untracked 
|  88|0x000000008be00000, 0x000000008be00000, 0x000000008bf00000|  0%| F|  |TAMS 0x000000008be00000, 0x000000008be00000| Untracked 
|  89|0x000000008bf00000, 0x000000008bf00000, 0x000000008c000000|  0%| F|  |TAMS 0x000000008bf00000, 0x000000008bf00000| Untracked 
|  90|0x000000008c000000, 0x000000008c000000, 0x000000008c100000|  0%| F|  |TAMS 0x000000008c000000, 0x000000008c000000| Untracked 
|  91|0x000000008c100000, 0x000000008c100000, 0x000000008c200000|  0%| F|  |TAMS 0x000000008c100000, 0x000000008c100000| Untracked 
|  92|0x000000008c200000, 0x000000008c200000, 0x000000008c300000|  0%| F|  |TAMS 0x000000008c200000, 0x000000008c200000| Untracked 
|  93|0x000000008c300000, 0x000000008c300000, 0x000000008c400000|  0%| F|  |TAMS 0x000000008c300000, 0x000000008c300000| Untracked 
|  94|0x000000008c400000, 0x000000008c400000, 0x000000008c500000|  0%| F|  |TAMS 0x000000008c400000, 0x000000008c400000| Untracked 
|  95|0x000000008c500000, 0x000000008c500000, 0x000000008c600000|  0%| F|  |TAMS 0x000000008c500000, 0x000000008c500000| Untracked 
|  96|0x000000008c600000, 0x000000008c600000, 0x000000008c700000|  0%| F|  |TAMS 0x000000008c600000, 0x000000008c600000| Untracked 
|  97|0x000000008c700000, 0x000000008c700000, 0x000000008c800000|  0%| F|  |TAMS 0x000000008c700000, 0x000000008c700000| Untracked 
|  98|0x000000008c800000, 0x000000008c800000, 0x000000008c900000|  0%| F|  |TAMS 0x000000008c800000, 0x000000008c800000| Untracked 
|  99|0x000000008c900000, 0x000000008c900000, 0x000000008ca00000|  0%| F|  |TAMS 0x000000008c900000, 0x000000008c900000| Untracked 
| 100|0x000000008ca00000, 0x000000008ca00000, 0x000000008cb00000|  0%| F|  |TAMS 0x000000008ca00000, 0x000000008ca00000| Untracked 
| 101|0x000000008cb00000, 0x000000008cb00000, 0x000000008cc00000|  0%| F|  |TAMS 0x000000008cb00000, 0x000000008cb00000| Untracked 
| 102|0x000000008cc00000, 0x000000008cc00000, 0x000000008cd00000|  0%| F|  |TAMS 0x000000008cc00000, 0x000000008cc00000| Untracked 
| 103|0x000000008cd00000, 0x000000008cd00000, 0x000000008ce00000|  0%| F|  |TAMS 0x000000008cd00000, 0x000000008cd00000| Untracked 
| 104|0x000000008ce00000, 0x000000008ce00000, 0x000000008cf00000|  0%| F|  |TAMS 0x000000008ce00000, 0x000000008ce00000| Untracked 
| 105|0x000000008cf00000, 0x000000008cf00000, 0x000000008d000000|  0%| F|  |TAMS 0x000000008cf00000, 0x000000008cf00000| Untracked 
| 106|0x000000008d000000, 0x000000008d000000, 0x000000008d100000|  0%| F|  |TAMS 0x000000008d000000, 0x000000008d000000| Untracked 
| 107|0x000000008d100000, 0x000000008d100000, 0x000000008d200000|  0%| F|  |TAMS 0x000000008d100000, 0x000000008d100000| Untracked 
| 108|0x000000008d200000, 0x000000008d27b650, 0x000000008d300000| 48%| E|  |TAMS 0x000000008d200000, 0x000000008d200000| Complete 
| 109|0x000000008d300000, 0x000000008d400000, 0x000000008d400000|100%| E|CS|TAMS 0x000000008d300000, 0x000000008d300000| Complete 
| 110|0x000000008d400000, 0x000000008d500000, 0x000000008d500000|100%| E|CS|TAMS 0x000000008d400000, 0x000000008d400000| Complete 
| 111|0x000000008d500000, 0x000000008d600000, 0x000000008d600000|100%| E|CS|TAMS 0x000000008d500000, 0x000000008d500000| Complete 
| 112|0x000000008d600000, 0x000000008d700000, 0x000000008d700000|100%| E|CS|TAMS 0x000000008d600000, 0x000000008d600000| Complete 
| 113|0x000000008d700000, 0x000000008d800000, 0x000000008d800000|100%| E|CS|TAMS 0x000000008d700000, 0x000000008d700000| Complete 
| 114|0x000000008d800000, 0x000000008d900000, 0x000000008d900000|100%| E|CS|TAMS 0x000000008d800000, 0x000000008d800000| Complete 
| 115|0x000000008d900000, 0x000000008da00000, 0x000000008da00000|100%| E|CS|TAMS 0x000000008d900000, 0x000000008d900000| Complete 
| 116|0x000000008da00000, 0x000000008db00000, 0x000000008db00000|100%| E|  |TAMS 0x000000008da00000, 0x000000008da00000| Complete 
| 117|0x000000008db00000, 0x000000008dc00000, 0x000000008dc00000|100%| E|CS|TAMS 0x000000008db00000, 0x000000008db00000| Complete 
| 118|0x000000008dc00000, 0x000000008dd00000, 0x000000008dd00000|100%| E|CS|TAMS 0x000000008dc00000, 0x000000008dc00000| Complete 
| 119|0x000000008dd00000, 0x000000008de00000, 0x000000008de00000|100%| E|CS|TAMS 0x000000008dd00000, 0x000000008dd00000| Complete 
| 120|0x000000008de00000, 0x000000008df00000, 0x000000008df00000|100%| E|CS|TAMS 0x000000008de00000, 0x000000008de00000| Complete 
| 121|0x000000008df00000, 0x000000008e000000, 0x000000008e000000|100%| E|CS|TAMS 0x000000008df00000, 0x000000008df00000| Complete 

Card table byte_map: [0x00007fd40e828000,0x00007fd40ebf5000] _byte_map_base: 0x00007fd40e3f5000

Marking Bits (Prev, Next): (CMBitMap*) 0x00007fd408056778, (CMBitMap*) 0x00007fd4080567b0
 Prev Bits: [0x00007fd40c5f3000, 0x00007fd40e45b000)
 Next Bits: [0x00007fd3ee198000, 0x00007fd3f0000000)

Polling page: 0x00007fd410ffc000

Metaspace:

Usage:
  Non-class:      9,74 MB capacity,     9,62 MB ( 99%) used,   119,41 KB (  1%) free+waste,    11,56 KB ( <1%) overhead. 
      Class:      1,06 MB capacity,  1023,53 KB ( 94%) used,    61,53 KB (  6%) free+waste,     4,94 KB ( <1%) overhead. 
       Both:     10,81 MB capacity,    10,61 MB ( 98%) used,   180,94 KB (  2%) free+waste,    16,50 KB ( <1%) overhead. 

Virtual space:
  Non-class space:       10,00 MB reserved,      10,00 MB (100%) committed 
      Class space:        1,00 GB reserved,       1,12 MB ( <1%) committed 
             Both:        1,01 GB reserved,      11,12 MB (  1%) committed 

Chunk freelists:
   Non-Class:  55,00 KB
       Class:  30,00 KB
        Both:  85,00 KB

MaxMetaspaceSize: unlimited
CompressedClassSpaceSize: 1,00 GB

CodeHeap 'non-profiled nmethods': size=120032Kb used=153Kb max_used=153Kb free=119878Kb
 bounds [0x00007fd3fcfee000, 0x00007fd3fd25e000, 0x00007fd404526000]
CodeHeap 'profiled nmethods': size=120028Kb used=891Kb max_used=891Kb free=119136Kb
 bounds [0x00007fd3f5ab7000, 0x00007fd3f5d27000, 0x00007fd3fcfee000]
CodeHeap 'non-nmethods': size=5700Kb used=1062Kb max_used=1074Kb free=4638Kb
 bounds [0x00007fd3f5526000, 0x00007fd3f5796000, 0x00007fd3f5ab7000]
 total_blobs=966 nmethods=582 adapters=297
 compilation: enabled
              stopped_count=0, restarted_count=0
 full_count=0

Compilation events (20 events):
Event: 0,259 Thread 0x00007fd408177800 nmethod 557 0x00007fd3f5b90090 code [0x00007fd3f5b90280, 0x00007fd3f5b90660]
Event: 0,259 Thread 0x00007fd408177800  558       3       java.nio.DirectByteBuffer::ix (10 bytes)
Event: 0,259 Thread 0x00007fd408177800 nmethod 558 0x00007fd3f5b90890 code [0x00007fd3f5b90a40, 0x00007fd3f5b90b50]
Event: 0,259 Thread 0x00007fd408177800  561       3       java.lang.StringUTF16::compress (50 bytes)
Event: 0,259 Thread 0x00007fd408177800 nmethod 561 0x00007fd3f5b90c10 code [0x00007fd3f5b90de0, 0x00007fd3f5b91010]
Event: 0,259 Thread 0x00007fd408177800  560       3       jdk.internal.jimage.ImageStringsReader::unmaskedHashCode (173 bytes)
Event: 0,260 Thread 0x00007fd408177800 nmethod 560 0x00007fd3f5b91190 code [0x00007fd3f5b91400, 0x00007fd3f5b91fb0]
Event: 0,260 Thread 0x00007fd408177800  562       3       java.nio.Buffer::limit (65 bytes)
Event: 0,260 Thread 0x00007fd408177800 nmethod 562 0x00007fd3f5b92490 code [0x00007fd3f5b92660, 0x00007fd3f5b92900]
Event: 0,260 Thread 0x00007fd408177800  563       3       java.nio.Buffer::checkIndex (22 bytes)
Event: 0,261 Thread 0x00007fd408177800 nmethod 563 0x00007fd3f5b92a10 code [0x00007fd3f5b92be0, 0x00007fd3f5b92e20]
Event: 0,261 Thread 0x00007fd408177800  564   !   3       java.lang.invoke.MemberName::getMethodType (203 bytes)
Event: 0,261 Thread 0x00007fd408177800 nmethod 564 0x00007fd3f5b92f10 code [0x00007fd3f5b93200, 0x00007fd3f5b94710]
Event: 0,261 Thread 0x00007fd408177800  566       3       java.lang.invoke.DirectMethodHandle::internalMemberName (8 bytes)
Event: 0,261 Thread 0x00007fd408177800 nmethod 566 0x00007fd3f5b94c90 code [0x00007fd3f5b94e40, 0x00007fd3f5b95010]
Event: 0,261 Thread 0x00007fd408177800  565       3       java.lang.invoke.LambdaForm::uncustomize (57 bytes)
Event: 0,262 Thread 0x00007fd408177800 nmethod 565 0x00007fd3f5b95110 code [0x00007fd3f5b952e0, 0x00007fd3f5b955c0]
Event: 0,263 Thread 0x00007fd408177800  567       3       java.lang.invoke.MethodTypeForm::canonicalize (64 bytes)
Event: 0,263 Thread 0x00007fd408177800 nmethod 567 0x00007fd3f5b95690 code [0x00007fd3f5b95880, 0x00007fd3f5b95b60]
Event: 0,263 Thread 0x00007fd408177800  568       3       java.lang.invoke.MethodType$ConcurrentWeakInternSet::add (66 bytes)

GC Heap History (0 events):
No events

Deoptimization events (20 events):
Event: 0,096 Thread 0x00007fd408014800 DEOPT PACKING pc=0x00007fd3f5ad78b3 sp=0x00007fd40fc279b0
Event: 0,096 Thread 0x00007fd408014800 DEOPT UNPACKING pc=0x00007fd3f554bdca sp=0x00007fd40fc26ea0 mode 0
Event: 0,097 Thread 0x00007fd408014800 DEOPT PACKING pc=0x00007fd3f5ad720b sp=0x00007fd40fc279e0
Event: 0,097 Thread 0x00007fd408014800 DEOPT UNPACKING pc=0x00007fd3f554bdca sp=0x00007fd40fc26ea0 mode 0
Event: 0,097 Thread 0x00007fd408014800 DEOPT PACKING pc=0x00007fd3f5ad78b3 sp=0x00007fd40fc279b0
Event: 0,097 Thread 0x00007fd408014800 DEOPT UNPACKING pc=0x00007fd3f554bdca sp=0x00007fd40fc26ea0 mode 0
Event: 0,097 Thread 0x00007fd408014800 DEOPT PACKING pc=0x00007fd3f5ad720b sp=0x00007fd40fc279e0
Event: 0,097 Thread 0x00007fd408014800 DEOPT UNPACKING pc=0x00007fd3f554bdca sp=0x00007fd40fc26ea0 mode 0
Event: 0,097 Thread 0x00007fd408014800 DEOPT PACKING pc=0x00007fd3f5ad78b3 sp=0x00007fd40fc279b0
Event: 0,097 Thread 0x00007fd408014800 DEOPT UNPACKING pc=0x00007fd3f554bdca sp=0x00007fd40fc26ea0 mode 0
Event: 0,097 Thread 0x00007fd408014800 DEOPT PACKING pc=0x00007fd3f5ad78b3 sp=0x00007fd40fc279b0
Event: 0,097 Thread 0x00007fd408014800 DEOPT UNPACKING pc=0x00007fd3f554bdca sp=0x00007fd40fc26ea0 mode 0
Event: 0,097 Thread 0x00007fd408014800 DEOPT PACKING pc=0x00007fd3f5ad78b3 sp=0x00007fd40fc279b0
Event: 0,097 Thread 0x00007fd408014800 DEOPT UNPACKING pc=0x00007fd3f554bdca sp=0x00007fd40fc26ea0 mode 0
Event: 0,097 Thread 0x00007fd408014800 DEOPT PACKING pc=0x00007fd3f5ad78b3 sp=0x00007fd40fc279b0
Event: 0,097 Thread 0x00007fd408014800 DEOPT UNPACKING pc=0x00007fd3f554bdca sp=0x00007fd40fc26ea0 mode 0
Event: 0,097 Thread 0x00007fd408014800 DEOPT PACKING pc=0x00007fd3f5ad78b3 sp=0x00007fd40fc279b0
Event: 0,097 Thread 0x00007fd408014800 DEOPT UNPACKING pc=0x00007fd3f554bdca sp=0x00007fd40fc26ea0 mode 0
Event: 0,159 Thread 0x00007fd408014800 DEOPT PACKING pc=0x00007fd3f5aec712 sp=0x00007fd40fc2b4c0
Event: 0,159 Thread 0x00007fd408014800 DEOPT UNPACKING pc=0x00007fd3f554bdca sp=0x00007fd40fc2a948 mode 0

Classes redefined (0 events):
No events

Internal exceptions (12 events):
Event: 0,137 Thread 0x00007fd408014800 Exception <a 'java/security/PrivilegedActionException'{0x000000008db18f18}> (0x000000008db18f18) thrown at [src/hotspot/share/prims/jvm.cpp, line 1306]
Event: 0,137 Thread 0x00007fd408014800 Exception <a 'java/security/PrivilegedActionException'{0x000000008db191e8}> (0x000000008db191e8) thrown at [src/hotspot/share/prims/jvm.cpp, line 1306]
Event: 0,137 Thread 0x00007fd408014800 Exception <a 'java/security/PrivilegedActionException'{0x000000008db19df0}> (0x000000008db19df0) thrown at [src/hotspot/share/prims/jvm.cpp, line 1306]
Event: 0,137 Thread 0x00007fd408014800 Exception <a 'java/security/PrivilegedActionException'{0x000000008db1a0c0}> (0x000000008db1a0c0) thrown at [src/hotspot/share/prims/jvm.cpp, line 1306]
Event: 0,137 Thread 0x00007fd408014800 Exception <a 'java/security/PrivilegedActionException'{0x000000008db1ad70}> (0x000000008db1ad70) thrown at [src/hotspot/share/prims/jvm.cpp, line 1306]
Event: 0,137 Thread 0x00007fd408014800 Exception <a 'java/security/PrivilegedActionException'{0x000000008db1b040}> (0x000000008db1b040) thrown at [src/hotspot/share/prims/jvm.cpp, line 1306]
Event: 0,137 Thread 0x00007fd408014800 Exception <a 'java/security/PrivilegedActionException'{0x000000008db1bc70}> (0x000000008db1bc70) thrown at [src/hotspot/share/prims/jvm.cpp, line 1306]
Event: 0,137 Thread 0x00007fd408014800 Exception <a 'java/security/PrivilegedActionException'{0x000000008db1bf40}> (0x000000008db1bf40) thrown at [src/hotspot/share/prims/jvm.cpp, line 1306]
Event: 0,137 Thread 0x00007fd408014800 Exception <a 'java/security/PrivilegedActionException'{0x000000008db1cb90}> (0x000000008db1cb90) thrown at [src/hotspot/share/prims/jvm.cpp, line 1306]
Event: 0,137 Thread 0x00007fd408014800 Exception <a 'java/security/PrivilegedActionException'{0x000000008db1ce60}> (0x000000008db1ce60) thrown at [src/hotspot/share/prims/jvm.cpp, line 1306]
Event: 0,137 Thread 0x00007fd408014800 Exception <a 'java/security/PrivilegedActionException'{0x000000008db1db10}> (0x000000008db1db10) thrown at [src/hotspot/share/prims/jvm.cpp, line 1306]
Event: 0,137 Thread 0x00007fd408014800 Exception <a 'java/security/PrivilegedActionException'{0x000000008db1dde0}> (0x000000008db1dde0) thrown at [src/hotspot/share/prims/jvm.cpp, line 1306]

Events (20 events):
Event: 0,262 loading class com/google/common/collect/ForwardingSortedSet
Event: 0,262 loading class com/google/common/collect/ForwardingSortedSet done
Event: 0,262 loading class com/google/common/collect/ForwardingSet
Event: 0,262 loading class com/google/common/collect/ForwardingSet done
Event: 0,262 loading class com/google/common/collect/ForwardingCollection
Event: 0,262 loading class com/google/common/collect/ForwardingCollection done
Event: 0,262 loading class com/google/common/collect/ForwardingObject
Event: 0,262 loading class com/google/common/collect/ForwardingObject done
Event: 0,263 loading class java/util/NoSuchElementException
Event: 0,263 loading class java/util/NoSuchElementException done
Event: 0,263 loading class java/util/Collections$UnmodifiableSortedSet
Event: 0,263 loading class java/util/Collections$UnmodifiableSortedSet done
Event: 0,263 loading class com/android/repository/api/RepoManager$DummyProgressRunner
Event: 0,263 loading class com/android/repository/api/RepoManager$DummyProgressRunner done
Event: 0,263 loading class java/util/concurrent/Semaphore
Event: 0,263 loading class java/util/concurrent/Semaphore done
Event: 0,264 loading class java/util/concurrent/Semaphore$NonfairSync
Event: 0,264 loading class java/util/concurrent/Semaphore$Sync
Event: 0,264 loading class java/util/concurrent/Semaphore$Sync done
Event: 0,264 loading class java/util/concurrent/Semaphore$NonfairSync done


Dynamic libraries:
00200000-00201000 r--p 00000000 103:02 20583442                          /home/pretodev/.tools/android-studio/jre/bin/java
00201000-00202000 r-xp 00000000 103:02 20583442                          /home/pretodev/.tools/android-studio/jre/bin/java
00202000-00203000 r--p 00000000 103:02 20583442                          /home/pretodev/.tools/android-studio/jre/bin/java
00203000-00204000 rw-p 00000000 103:02 20583442                          /home/pretodev/.tools/android-studio/jre/bin/java
01976000-01997000 rw-p 00000000 00:00 0                                  [heap]
86600000-8e000000 rw-p 00000000 00:00 0 
8e000000-100000000 ---p 00000000 00:00 0 
100000000-100120000 rw-p 00000000 00:00 0 
100120000-140000000 ---p 00000000 00:00 0 
7fd3b0000000-7fd3b0021000 rw-p 00000000 00:00 0 
7fd3b0021000-7fd3b4000000 ---p 00000000 00:00 0 
7fd3b4000000-7fd3b4021000 rw-p 00000000 00:00 0 
7fd3b4021000-7fd3b8000000 ---p 00000000 00:00 0 
7fd3b8000000-7fd3b8138000 rw-p 00000000 00:00 0 
7fd3b8138000-7fd3bc000000 ---p 00000000 00:00 0 
7fd3bc000000-7fd3bc021000 rw-p 00000000 00:00 0 
7fd3bc021000-7fd3c0000000 ---p 00000000 00:00 0 
7fd3c0000000-7fd3c0021000 rw-p 00000000 00:00 0 
7fd3c0021000-7fd3c4000000 ---p 00000000 00:00 0 
7fd3c4000000-7fd3c4162000 rw-p 00000000 00:00 0 
7fd3c4162000-7fd3c8000000 ---p 00000000 00:00 0 
7fd3c8000000-7fd3c8021000 rw-p 00000000 00:00 0 
7fd3c8021000-7fd3cc000000 ---p 00000000 00:00 0 
7fd3cf392000-7fd3cf914000 rw-p 00000000 00:00 0 
7fd3cf914000-7fd3cf918000 ---p 00000000 00:00 0 
7fd3cf918000-7fd3cfa14000 rw-p 00000000 00:00 0 
7fd3cfa14000-7fd3cfa15000 ---p 00000000 00:00 0 
7fd3cfa15000-7fd3cfb16000 rw-p 00000000 00:00 0 
7fd3cfb16000-7fd3cfb1a000 ---p 00000000 00:00 0 
7fd3cfb1a000-7fd3cfc16000 rw-p 00000000 00:00 0 
7fd3cfc16000-7fd3cfc1a000 ---p 00000000 00:00 0 
7fd3cfc1a000-7fd3cfd16000 rw-p 00000000 00:00 0 
7fd3cfd16000-7fd3d0000000 r--p 00000000 103:02 1575262                   /usr/lib/locale/locale-archive
7fd3d0000000-7fd3d0021000 rw-p 00000000 00:00 0 
7fd3d0021000-7fd3d4000000 ---p 00000000 00:00 0 
7fd3d4000000-7fd3d4021000 rw-p 00000000 00:00 0 
7fd3d4021000-7fd3d8000000 ---p 00000000 00:00 0 
7fd3d8000000-7fd3d8021000 rw-p 00000000 00:00 0 
7fd3d8021000-7fd3dc000000 ---p 00000000 00:00 0 
7fd3dc000000-7fd3dc021000 rw-p 00000000 00:00 0 
7fd3dc021000-7fd3e0000000 ---p 00000000 00:00 0 
7fd3e0000000-7fd3e0021000 rw-p 00000000 00:00 0 
7fd3e0021000-7fd3e4000000 ---p 00000000 00:00 0 
7fd3e4000000-7fd3e4021000 rw-p 00000000 00:00 0 
7fd3e4021000-7fd3e8000000 ---p 00000000 00:00 0 
7fd3e8000000-7fd3e8021000 rw-p 00000000 00:00 0 
7fd3e8021000-7fd3ec000000 ---p 00000000 00:00 0 
7fd3ec067000-7fd3ec098000 rw-p 00000000 00:00 0 
7fd3ec098000-7fd3ec09c000 ---p 00000000 00:00 0 
7fd3ec09c000-7fd3ee380000 rw-p 00000000 00:00 0 
7fd3ee380000-7fd3f0000000 ---p 00000000 00:00 0 
7fd3f0000000-7fd3f0021000 rw-p 00000000 00:00 0 
7fd3f0021000-7fd3f4000000 ---p 00000000 00:00 0 
7fd3f4015000-7fd3f401c000 r--p 00000000 103:02 20583411                  /home/pretodev/.tools/android-studio/jre/lib/libnet.so
7fd3f401c000-7fd3f402a000 r-xp 00006000 103:02 20583411                  /home/pretodev/.tools/android-studio/jre/lib/libnet.so
7fd3f402a000-7fd3f402b000 r--p 00013000 103:02 20583411                  /home/pretodev/.tools/android-studio/jre/lib/libnet.so
7fd3f402b000-7fd3f402d000 rw-p 00013000 103:02 20583411                  /home/pretodev/.tools/android-studio/jre/lib/libnet.so
7fd3f402d000-7fd3f4035000 r--p 00000000 103:02 20583343                  /home/pretodev/.tools/android-studio/jre/lib/libnio.so
7fd3f4035000-7fd3f403c000 r-xp 00007000 103:02 20583343                  /home/pretodev/.tools/android-studio/jre/lib/libnio.so
7fd3f403c000-7fd3f403e000 r--p 0000d000 103:02 20583343                  /home/pretodev/.tools/android-studio/jre/lib/libnio.so
7fd3f403e000-7fd3f403f000 rw-p 0000e000 103:02 20583343                  /home/pretodev/.tools/android-studio/jre/lib/libnio.so
7fd3f403f000-7fd3f4043000 ---p 00000000 00:00 0 
7fd3f4043000-7fd3f413f000 rw-p 00000000 00:00 0 
7fd3f413f000-7fd3f4143000 ---p 00000000 00:00 0 
7fd3f4143000-7fd3f423f000 rw-p 00000000 00:00 0 
7fd3f423f000-7fd3f4243000 ---p 00000000 00:00 0 
7fd3f4243000-7fd3f433f000 rw-p 00000000 00:00 0 
7fd3f433f000-7fd3f4343000 ---p 00000000 00:00 0 
7fd3f4343000-7fd3f443f000 rw-p 00000000 00:00 0 
7fd3f443f000-7fd3f4440000 ---p 00000000 00:00 0 
7fd3f4440000-7fd3f4e1d000 rw-p 00000000 00:00 0 
7fd3f4e1d000-7fd3f4e1e000 ---p 00000000 00:00 0 
7fd3f4e1e000-7fd3f4f1f000 rw-p 00000000 00:00 0 
7fd3f4f1f000-7fd3f4f20000 ---p 00000000 00:00 0 
7fd3f4f20000-7fd3f5526000 rw-p 00000000 00:00 0 
7fd3f5526000-7fd3f5796000 rwxp 00000000 00:00 0 
7fd3f5796000-7fd3f5ab7000 ---p 00000000 00:00 0 
7fd3f5ab7000-7fd3f5d27000 rwxp 00000000 00:00 0 
7fd3f5d27000-7fd3fcfee000 ---p 00000000 00:00 0 
7fd3fcfee000-7fd3fd25e000 rwxp 00000000 00:00 0 
7fd3fd25e000-7fd404526000 ---p 00000000 00:00 0 
7fd404526000-7fd408000000 r--s 00000000 103:02 20583347                  /home/pretodev/.tools/android-studio/jre/lib/modules
7fd408000000-7fd4086a4000 rw-p 00000000 00:00 0 
7fd4086a4000-7fd40c000000 ---p 00000000 00:00 0 
7fd40c004000-7fd40c371000 rw-p 00000000 00:00 0 
7fd40c371000-7fd40c372000 ---p 00000000 00:00 0 
7fd40c372000-7fd40c473000 rw-p 00000000 00:00 0 
7fd40c473000-7fd40c474000 ---p 00000000 00:00 0 
7fd40c474000-7fd40c7db000 rw-p 00000000 00:00 0 
7fd40c7db000-7fd40e45b000 ---p 00000000 00:00 0 
7fd40e45b000-7fd40e498000 rw-p 00000000 00:00 0 
7fd40e498000-7fd40e828000 ---p 00000000 00:00 0 
7fd40e828000-7fd40e865000 rw-p 00000000 00:00 0 
7fd40e865000-7fd40ebf5000 ---p 00000000 00:00 0 
7fd40ebf5000-7fd40ec32000 rw-p 00000000 00:00 0 
7fd40ec32000-7fd40efc2000 ---p 00000000 00:00 0 
7fd40efc2000-7fd40f7ca000 rw-p 00000000 00:00 0 
7fd40f7ca000-7fd40f7cb000 ---p 00000000 00:00 0 
7fd40f7cb000-7fd40f8d1000 rw-p 00000000 00:00 0 
7fd40f8d1000-7fd40f9b7000 ---p 00000000 00:00 0 
7fd40f9b7000-7fd40f9bc000 rw-p 00000000 00:00 0 
7fd40f9bc000-7fd40faa2000 ---p 00000000 00:00 0 
7fd40faa2000-7fd40faa7000 rw-p 00000000 00:00 0 
7fd40faa7000-7fd40faae000 ---p 00000000 00:00 0 
7fd40faae000-7fd40fab7000 r--p 00000000 103:02 20583406                  /home/pretodev/.tools/android-studio/jre/lib/libzip.so
7fd40fab7000-7fd40facb000 r-xp 00008000 103:02 20583406                  /home/pretodev/.tools/android-studio/jre/lib/libzip.so
7fd40facb000-7fd40facc000 r--p 0001b000 103:02 20583406                  /home/pretodev/.tools/android-studio/jre/lib/libzip.so
7fd40facc000-7fd40facd000 rw-p 0001b000 103:02 20583406                  /home/pretodev/.tools/android-studio/jre/lib/libzip.so
7fd40facd000-7fd40fad8000 r--p 00000000 103:02 20583335                  /home/pretodev/.tools/android-studio/jre/lib/libjimage.so
7fd40fad8000-7fd40faeb000 r-xp 0000a000 103:02 20583335                  /home/pretodev/.tools/android-studio/jre/lib/libjimage.so
7fd40faeb000-7fd40faed000 r--p 0001c000 103:02 20583335                  /home/pretodev/.tools/android-studio/jre/lib/libjimage.so
7fd40faed000-7fd40faee000 rw-p 0001d000 103:02 20583335                  /home/pretodev/.tools/android-studio/jre/lib/libjimage.so
7fd40faee000-7fd40fb00000 rw-p 00000000 00:00 0 
7fd40fb00000-7fd40fb12000 r--p 00000000 103:02 20583353                  /home/pretodev/.tools/android-studio/jre/lib/libjava.so
7fd40fb12000-7fd40fb27000 r-xp 00011000 103:02 20583353                  /home/pretodev/.tools/android-studio/jre/lib/libjava.so
7fd40fb27000-7fd40fb28000 r--p 00025000 103:02 20583353                  /home/pretodev/.tools/android-studio/jre/lib/libjava.so
7fd40fb28000-7fd40fb2a000 rw-p 00025000 103:02 20583353                  /home/pretodev/.tools/android-studio/jre/lib/libjava.so
7fd40fb2a000-7fd40fb2b000 r--p 00000000 103:02 927047                    /usr/lib/librt.so.1
7fd40fb2b000-7fd40fb2c000 r-xp 00001000 103:02 927047                    /usr/lib/librt.so.1
7fd40fb2c000-7fd40fb2d000 r--p 00002000 103:02 927047                    /usr/lib/librt.so.1
7fd40fb2d000-7fd40fb2e000 r--p 00002000 103:02 927047                    /usr/lib/librt.so.1
7fd40fb2e000-7fd40fb2f000 rw-p 00003000 103:02 927047                    /usr/lib/librt.so.1
7fd40fb2f000-7fd40fb33000 ---p 00000000 00:00 0 
7fd40fb33000-7fd40fc2f000 rw-p 00000000 00:00 0 
7fd40fc2f000-7fd40fc3f000 r--p 00000000 103:02 927025                    /usr/lib/libm.so.6
7fd40fc3f000-7fd40fcb9000 r-xp 00010000 103:02 927025                    /usr/lib/libm.so.6
7fd40fcb9000-7fd40fd15000 r--p 0008a000 103:02 927025                    /usr/lib/libm.so.6
7fd40fd15000-7fd40fd16000 r--p 000e5000 103:02 927025                    /usr/lib/libm.so.6
7fd40fd16000-7fd40fd17000 rw-p 000e6000 103:02 927025                    /usr/lib/libm.so.6
7fd40fd17000-7fd410224000 r--p 00000000 103:02 20583417                  /home/pretodev/.tools/android-studio/jre/lib/server/libjvm.so
7fd410224000-7fd410c5b000 r-xp 0050c000 103:02 20583417                  /home/pretodev/.tools/android-studio/jre/lib/server/libjvm.so
7fd410c5b000-7fd410d20000 r--p 00f42000 103:02 20583417                  /home/pretodev/.tools/android-studio/jre/lib/server/libjvm.so
7fd410d20000-7fd410d58000 rw-p 01006000 103:02 20583417                  /home/pretodev/.tools/android-studio/jre/lib/server/libjvm.so
7fd410d58000-7fd410dc2000 rw-p 00000000 00:00 0 
7fd410dc2000-7fd410dee000 r--p 00000000 103:02 927015                    /usr/lib/libc.so.6
7fd410dee000-7fd410f64000 r-xp 0002c000 103:02 927015                    /usr/lib/libc.so.6
7fd410f64000-7fd410fb8000 r--p 001a2000 103:02 927015                    /usr/lib/libc.so.6
7fd410fb8000-7fd410fb9000 ---p 001f6000 103:02 927015                    /usr/lib/libc.so.6
7fd410fb9000-7fd410fbc000 r--p 001f6000 103:02 927015                    /usr/lib/libc.so.6
7fd410fbc000-7fd410fbf000 rw-p 001f9000 103:02 927015                    /usr/lib/libc.so.6
7fd410fbf000-7fd410fcc000 rw-p 00000000 00:00 0 
7fd410fcc000-7fd410fcd000 r--p 00000000 103:02 927020                    /usr/lib/libdl.so.2
7fd410fcd000-7fd410fce000 r-xp 00001000 103:02 927020                    /usr/lib/libdl.so.2
7fd410fce000-7fd410fcf000 r--p 00002000 103:02 927020                    /usr/lib/libdl.so.2
7fd410fcf000-7fd410fd0000 r--p 00002000 103:02 927020                    /usr/lib/libdl.so.2
7fd410fd0000-7fd410fd1000 rw-p 00003000 103:02 927020                    /usr/lib/libdl.so.2
7fd410fd1000-7fd410fd9000 r--p 00000000 103:02 20583328                  /home/pretodev/.tools/android-studio/jre/lib/jli/libjli.so
7fd410fd9000-7fd410fe8000 r-xp 00007000 103:02 20583328                  /home/pretodev/.tools/android-studio/jre/lib/jli/libjli.so
7fd410fe8000-7fd410fe9000 r--p 00015000 103:02 20583328                  /home/pretodev/.tools/android-studio/jre/lib/jli/libjli.so
7fd410fe9000-7fd410feb000 rw-p 00015000 103:02 20583328                  /home/pretodev/.tools/android-studio/jre/lib/jli/libjli.so
7fd410feb000-7fd410fec000 r--p 00000000 103:02 927042                    /usr/lib/libpthread.so.0
7fd410fec000-7fd410fed000 r-xp 00001000 103:02 927042                    /usr/lib/libpthread.so.0
7fd410fed000-7fd410fee000 r--p 00002000 103:02 927042                    /usr/lib/libpthread.so.0
7fd410fee000-7fd410fef000 r--p 00002000 103:02 927042                    /usr/lib/libpthread.so.0
7fd410fef000-7fd410ff0000 rw-p 00003000 103:02 927042                    /usr/lib/libpthread.so.0
7fd410ff4000-7fd410ffc000 rw-s 00000000 00:26 7527                       /tmp/hsperfdata_pretodev/80893
7fd410ffc000-7fd410ffd000 ---p 00000000 00:00 0 
7fd410ffd000-7fd410ffe000 r--p 00000000 00:00 0 
7fd410ffe000-7fd411004000 r--p 00000000 103:02 20583332                  /home/pretodev/.tools/android-studio/jre/lib/libverify.so
7fd411004000-7fd41100d000 r-xp 00005000 103:02 20583332                  /home/pretodev/.tools/android-studio/jre/lib/libverify.so
7fd41100d000-7fd41100f000 r--p 0000d000 103:02 20583332                  /home/pretodev/.tools/android-studio/jre/lib/libverify.so
7fd41100f000-7fd411010000 rw-p 0000e000 103:02 20583332                  /home/pretodev/.tools/android-studio/jre/lib/libverify.so
7fd411010000-7fd411012000 rw-p 00000000 00:00 0 
7fd411012000-7fd411014000 r--p 00000000 103:02 927006                    /usr/lib/ld-linux-x86-64.so.2
7fd411014000-7fd41103b000 r-xp 00002000 103:02 927006                    /usr/lib/ld-linux-x86-64.so.2
7fd41103b000-7fd411046000 r--p 00029000 103:02 927006                    /usr/lib/ld-linux-x86-64.so.2
7fd411047000-7fd411049000 r--p 00034000 103:02 927006                    /usr/lib/ld-linux-x86-64.so.2
7fd411049000-7fd41104b000 rw-p 00036000 103:02 927006                    /usr/lib/ld-linux-x86-64.so.2
7ffdbbe48000-7ffdbbe6a000 rw-p 00000000 00:00 0                          [stack]
7ffdbbf8c000-7ffdbbf90000 r--p 00000000 00:00 0                          [vvar]
7ffdbbf90000-7ffdbbf92000 r-xp 00000000 00:00 0                          [vdso]
ffffffffff600000-ffffffffff601000 --xp 00000000 00:00 0                  [vsyscall]


VM Arguments:
jvm_args: -Dcom.android.sdklib.toolsdir=/home/pretodev/.tools/android-sdk/cmdline-tools/latest 
java_command: com.android.sdklib.tool.sdkmanager.SdkManagerCli --licenses
java_class_path (initial): /home/pretodev/.tools/android-sdk/cmdline-tools/latest/lib/sdkmanager-classpath.jar
Launcher Type: SUN_STANDARD

[Global flags]
     intx CICompilerCount                          = 4                                         {product} {ergonomic}
     uint ConcGCThreads                            = 2                                         {product} {ergonomic}
     uint G1ConcRefinementThreads                  = 8                                         {product} {ergonomic}
   size_t G1HeapRegionSize                         = 1048576                                   {product} {ergonomic}
    uintx GCDrainStackTargetSize                   = 64                                        {product} {ergonomic}
   size_t InitialHeapSize                          = 127926272                                 {product} {ergonomic}
   size_t MarkStackSize                            = 4194304                                   {product} {ergonomic}
   size_t MaxHeapSize                              = 2040528896                                {product} {ergonomic}
   size_t MaxNewSize                               = 1223688192                                {product} {ergonomic}
   size_t MinHeapDeltaBytes                        = 1048576                                   {product} {ergonomic}
    uintx NonNMethodCodeHeapSize                   = 5836300                                {pd product} {ergonomic}
    uintx NonProfiledCodeHeapSize                  = 122910970                              {pd product} {ergonomic}
    uintx ProfiledCodeHeapSize                     = 122910970                              {pd product} {ergonomic}
    uintx ReservedCodeCacheSize                    = 251658240                              {pd product} {ergonomic}
     bool SegmentedCodeCache                       = true                                      {product} {ergonomic}
     bool UseCompressedClassPointers               = true                                 {lp64_product} {ergonomic}
     bool UseCompressedOops                        = true                                 {lp64_product} {ergonomic}
     bool UseG1GC                                  = true                                      {product} {ergonomic}

Logging:
Log output configuration:
 #0: stdout all=warning uptime,level,tags
 #1: stderr all=off uptime,level,tags

Environment Variables:
PATH=/home/pretodev/.tools/android-studio/jre/bin:/usr/local/bin:/usr/bin:/var/lib/snapd/snap/bin:/usr/local/sbin:/opt/android-sdk/platform-tools:/opt/android-sdk/tools:/opt/android-sdk/tools/bin:/var/lib/flatpak/exports/bin:/opt/flutter/bin:/usr/lib/jvm/default/bin:/usr/bin/site_perl:/usr/bin/vendor_perl:/usr/bin/core_perl:/home/pretodev/.cargo/bin:/home/pretodev/.local/bin:/home/pretodev/.tools/nodejs/bin:/home/pretodev/.pub-cache/bin:/opt/android-sdk/platform-tools/:/opt/android-sdk/tools/bin/:/emulator:/opt/android-sdk/tools/
USERNAME=pretodev
SHELL=/usr/bin/zsh
DISPLAY=:1
LANG=en_US.UTF-8

Signal Handlers:
SIGSEGV: [libjvm.so+0xecba30], sa_mask[0]=11111111011111111101111111111110, sa_flags=SA_RESTART|SA_SIGINFO
SIGBUS: [libjvm.so+0xecba30], sa_mask[0]=11111111011111111101111111111110, sa_flags=SA_RESTART|SA_SIGINFO
SIGFPE: [libjvm.so+0xecba30], sa_mask[0]=11111111011111111101111111111110, sa_flags=SA_RESTART|SA_SIGINFO
SIGPIPE: [libjvm.so+0xd1d120], sa_mask[0]=11111111011111111101111111111110, sa_flags=SA_RESTART|SA_SIGINFO
SIGXFSZ: [libjvm.so+0xd1d120], sa_mask[0]=11111111011111111101111111111110, sa_flags=SA_RESTART|SA_SIGINFO
SIGILL: [libjvm.so+0xecba30], sa_mask[0]=11111111011111111101111111111110, sa_flags=SA_RESTART|SA_SIGINFO
SIGUSR2: [libjvm.so+0xd1d800], sa_mask[0]=00000000000000000000010000000000, sa_flags=SA_RESTART|SA_SIGINFO
SIGHUP: [libjvm.so+0xd1a260], sa_mask[0]=11111111011111111101111111111110, sa_flags=SA_RESTART|SA_SIGINFO
SIGINT: [libjvm.so+0xd1a260], sa_mask[0]=11111111011111111101111111111110, sa_flags=SA_RESTART|SA_SIGINFO
SIGTERM: [libjvm.so+0xd1a260], sa_mask[0]=11111111011111111101111111111110, sa_flags=SA_RESTART|SA_SIGINFO
SIGQUIT: [libjvm.so+0xd1a260], sa_mask[0]=11111111011111111101111111111110, sa_flags=SA_RESTART|SA_SIGINFO


---------------  S Y S T E M  ---------------

OS:NAME="Arch Linux"
PRETTY_NAME="Arch Linux"
ID=arch
BUILD_ID=rolling
ANSI_COLOR="38;2;23;147;209"
HOME_URL="https://archlinux.org/"
DOCUMENTATION_URL="https://wiki.archlinux.org/"
SUPPORT_URL="https://bbs.archlinux.org/"
BUG_REPORT_URL="https://bugs.archlinux.org/"
LOGO=archlinux-logo
IMAGE_ID=archlinux-gui-gnome
IMAGE_VERSION=2021.12
uname:Linux 5.16.13-arch1-1 #1 SMP PREEMPT Tue, 08 Mar 2022 20:07:36 +0000 x86_64
OS uptime: 0 days 18:08 hours
libc:glibc 2.35 NPTL 2.35 
rlimit (soft/hard): STACK 8192k/infinity , CORE infinity/infinity , NPROC 31054/31054 , NOFILE 524288/524288 , AS infinity/infinity , CPU infinity/infinity , DATA infinity/infinity , FSIZE infinity/infinity , MEMLOCK 1024k/1024k
load average:2,67 2,15 1,54

/proc/meminfo:
MemTotal:        7963784 kB
MemFree:          285424 kB
MemAvailable:    1654904 kB
Buffers:           90304 kB
Cached:          2974088 kB
SwapCached:        64252 kB
Active:          1400632 kB
Inactive:        4398740 kB
Active(anon):     570572 kB
Inactive(anon):  3898804 kB
Active(file):     830060 kB
Inactive(file):   499936 kB
Unevictable:      404216 kB
Mlocked:              64 kB
SwapTotal:       9227464 kB
SwapFree:        8089480 kB
Dirty:              4472 kB
Writeback:             0 kB
AnonPages:       3117884 kB
Mapped:          1282388 kB
Shmem:           1734396 kB
KReclaimable:     356880 kB
Slab:             613576 kB
SReclaimable:     356880 kB
SUnreclaim:       256696 kB
KernelStack:       23412 kB
PageTables:        61980 kB
NFS_Unstable:          0 kB
Bounce:                0 kB
WritebackTmp:          0 kB
CommitLimit:    13209356 kB
Committed_AS:   19525904 kB
VmallocTotal:   34359738367 kB
VmallocUsed:      118640 kB
VmallocChunk:          0 kB
Percpu:             6816 kB
HardwareCorrupted:     0 kB
AnonHugePages:         0 kB
ShmemHugePages:        0 kB
ShmemPmdMapped:        0 kB
FileHugePages:         0 kB
FilePmdMapped:         0 kB
CmaTotal:              0 kB
CmaFree:               0 kB
HugePages_Total:       0
HugePages_Free:        0
HugePages_Rsvd:        0
HugePages_Surp:        0
Hugepagesize:       2048 kB
Hugetlb:               0 kB
DirectMap4k:     1008020 kB
DirectMap2M:     7204864 kB
DirectMap1G:           0 kB

/sys/kernel/mm/transparent_hugepage/enabled:
always [madvise] never
/sys/kernel/mm/transparent_hugepage/defrag (defrag/compaction efforts parameter):
always defer defer+madvise [madvise] never

Process Memory:
Virtual Size: 4577796K (peak: 4577796K)
Resident Set Size: 67044K (peak: 67044K) (anon: 42348K, file: 24664K, shmem: 32K)
Swapped out: 0K
C-Heap outstanding allocations: 8969K

/proc/sys/kernel/threads-max (system-wide limit on the number of threads):
62109
/proc/sys/vm/max_map_count (maximum number of memory map areas a process may have):
65530
/proc/sys/kernel/pid_max (system-wide limit on number of process identifiers):
4194304

Steal ticks since vm start: 0
Steal ticks percentage since vm start:  0,000

CPU:total 8 (initial active 8) (4 cores per cpu, 2 threads per core) family 6 model 158 stepping 10 microcode 0xea, cmov, cx8, fxsr, mmx, sse, sse2, sse3, ssse3, sse4.1, sse4.2, popcnt, avx, avx2, aes, clmul, erms, 3dnowpref, lzcnt, ht, tsc, tscinvbit, bmi1, bmi2, adx, fma
CPU Model and flags from /proc/cpuinfo:
model name	: Intel(R) Core(TM) i5-9300H CPU @ 2.40GHz
flags		: fpu vme de pse tsc msr pae mce cx8 apic sep mtrr pge mca cmov pat pse36 clflush dts acpi mmx fxsr sse sse2 ss ht tm pbe syscall nx pdpe1gb rdtscp lm constant_tsc art arch_perfmon pebs bts rep_good nopl xtopology nonstop_tsc cpuid aperfmperf pni pclmulqdq dtes64 monitor ds_cpl vmx est tm2 ssse3 sdbg fma cx16 xtpr pdcm pcid sse4_1 sse4_2 x2apic movbe popcnt tsc_deadline_timer aes xsave avx f16c rdrand lahf_lm abm 3dnowprefetch cpuid_fault epb invpcid_single pti ssbd ibrs ibpb stibp tpr_shadow vnmi flexpriority ept vpid ept_ad fsgsbase tsc_adjust bmi1 avx2 smep bmi2 erms invpcid mpx rdseed adx smap clflushopt intel_pt xsaveopt xsavec xgetbv1 xsaves dtherm ida arat pln pts hwp hwp_notify hwp_act_window hwp_epp md_clear flush_l1d
Online cpus:
0-7
Offline cpus:

BIOS frequency limitation:
<Not Available>
Frequency switch latency (ns):
0
Available cpu frequencies:
<Not Available>
Current governor:
powersave
Core performance/turbo boost:
<Not Available>

Memory: 4k page, physical 7963784k(285424k free), swap 9227464k(8089480k free)

vm_info: OpenJDK 64-Bit Server VM (11.0.11+0-b60-7590822) for linux-amd64 JRE (11.0.11+0-b60-7590822), built on Jul 28 2021 14:39:41 by "androidbuild" with gcc Android (7284624, based on r416183b) Clang 12.0.5 (https://android.googlesource.com/toolchain/llvm-project c935d99d7cf2016289302412d708641d52d2f7ee)

END.
